<?xml version="1.0" encoding="UTF-8"?>
<!-- Generated by org.testng.reporters.JUnitXMLReporter -->
<testsuite ignored="0" hostname="Madhukar" failures="3" tests="5" name="Default test" time="37.325" errors="0" timestamp="2025-06-17T11:14:42 IST">
  <testcase classname="io.cucumber.testng.AbstractTestNGCucumberTests" name="runScenario" time="20.28"/>
  <testcase classname="io.cucumber.testng.AbstractTestNGCucumberTests" name="runScenario" time="0.038">
    <failure type="java.lang.NullPointerException" message="Cannot invoke &amp;quot;org.openqa.selenium.WebDriver.get(String)&amp;quot; because &amp;quot;this.driver&amp;quot; is null">
      <![CDATA[java.lang.NullPointerException: Cannot invoke "org.openqa.selenium.WebDriver.get(String)" because "this.driver" is null
at stepDefinations.StepsDefi.user_opens_url(StepsDefi.java:147)
at ✽.User opens URL "https://demo3x.opencartreports.com/admin/index.php?route=common/login"(file:///D:/Automation/myworkspace/repository4/OpenCart_Administation_V1.0/./Features/Customers.feature:4)
]]>
    </failure>
  </testcase> <!-- runScenario -->
  <testcase classname="io.cucumber.testng.AbstractTestNGCucumberTests" name="runScenario" time="0.039">
    <failure type="java.lang.NullPointerException" message="Cannot invoke &amp;quot;org.openqa.selenium.WebDriver.get(String)&amp;quot; because &amp;quot;this.driver&amp;quot; is null">
      <![CDATA[java.lang.NullPointerException: Cannot invoke "org.openqa.selenium.WebDriver.get(String)" because "this.driver" is null
at stepDefinations.StepsDefi.user_opens_url(StepsDefi.java:147)
at ✽.User opens URL "https://demo3x.opencartreports.com/admin/index.php?route=common/login"(file:///D:/Automation/myworkspace/repository4/OpenCart_Administation_V1.0/./Features/Customers.feature:4)
]]>
    </failure>
  </testcase> <!-- runScenario -->
  <testcase classname="io.cucumber.testng.AbstractTestNGCucumberTests" name="runScenario" time="16.119"/>
  <testcase classname="io.cucumber.testng.AbstractTestNGCucumberTests" name="runScenario" time="0.039">
    <failure type="java.lang.NullPointerException" message="Cannot invoke &amp;quot;org.openqa.selenium.WebDriver.get(String)&amp;quot; because &amp;quot;this.driver&amp;quot; is null">
      <![CDATA[java.lang.NullPointerException: Cannot invoke "org.openqa.selenium.WebDriver.get(String)" because "this.driver" is null
at stepDefinations.StepsDefi.user_opens_url(StepsDefi.java:147)
at ✽.User opens URL "https://demo3x.opencartreports.com/admin/index.php?route=common/login"(file:///D:/Automation/myworkspace/repository4/OpenCart_Administation_V1.0/./Features/LoginFeature.feature:16)
]]>
    </failure>
  </testcase> <!-- runScenario -->
</testsuite> <!-- Default test -->
